
============================================================
📋 Markdown 格式（人類閱讀）：
============================================================
## 🌐 國際市場概況
**數據更新時間**：2026-07-08T08:01:30.940138

### 📊 美股表現

- **NASDAQ綜合指數**：25,818.69 (-0.01%)
- **S&P 500**：7,503.85 (+0.85%)
- **道瓊工業指數**：52,925.15 (+1.42%)
- **費城半導體指數**：12,300.52 (-10.28%)

### 🇹🇼 台股ADR
- **台積電ADR**：$432.57 (-4.95%)
- **聯電ADR**：$23.83 (-11.21%)
- **日月光ADR**：$39.65 (-5.89%)
- **中華電ADR**：$43.71 (-1.73%)

### 🔬 半導體/科技關鍵個股

**記憶體**：
- 🔴 Micron(MU): $938.38 (-18.07%)
- 🔴 Western Digital(WDC): $532.10 (-18.37%)

**AI/晶片**：
- 🔴 AMD(AMD): $516.11 (-4.33%)
- 🔴 Intel(INTC): $110.39 (-16.19%)

**設備**：
- 🔴 ASML(ASML): $1747.28 (-7.21%)
- 🔴 Applied Materials(AMAT): $554.50 (-20.17%)
- 🔴 Lam Research(LRCX): $326.13 (-20.63%)
- 🔴 KLA(KLAC): $216.47 (-22.24%)

**網通**：
- ➖ Broadcom(AVGO): $370.78 (-0.45%)
- 🔴 Marvell(MRVL): $230.70 (-16.94%)
- 🔴 Cisco(CSCO): $111.79 (-5.02%)
- ✅ Arista(ANET): $166.46 (+1.44%)

**消費電子**：
- 🔥 Apple(AAPL): $310.66 (+10.26%)
- 🔴 Qualcomm(QCOM): $182.97 (-3.05%)

**AI伺服器/雲端**：
- 🔴 Super Micro(SMCI): $26.25 (-6.75%)
- ✅ Dell(DELL): $417.28 (+0.64%)
- ⭐ Amazon(AMZN): $245.98 (+2.43%)
- 🔥 Microsoft(MSFT): $388.84 (+5.50%)
- ⭐ Google(GOOGL): $367.03 (+3.78%)
- 🔥 Meta(META): $615.58 (+9.42%)

**電動車**：
- 🔴 Tesla(TSLA): $402.90 (-2.17%)

### 🌏 亞洲市場
- **日經225**：68,257.0 (-0.69%)
- **韓國KOSPI**：7,656.0 (-7.79%)
- **香港恆生**：23,497.0 (+2.04%)
- **上證指數**：3,990.0 (-2.97%)
- **新加坡STI**：5,342.0 (+3.32%)

### 📈 關鍵指標
- **VIX恐慌指數**：16.13 (-8.61%)
- **美元指數**：101.17 (-0.21%)
- **WTI原油**：72.35 (+5.50%)
- **黃金**：4110.30 (+1.03%)
- **輝達**：196.93 (+1.01%)
- **美元/台幣匯率**：32.130 (+0.240)
