
============================================================
📋 Markdown 格式（人類閱讀）：
============================================================
## 🌐 國際市場概況
**數據更新時間**：2026-07-06T08:03:20.960099

### 📊 美股表現

- **NASDAQ綜合指數**：25,832.67 (+1.87%)
- **S&P 500**：7,483.24 (+1.71%)
- **道瓊工業指數**：52,900.07 (+1.89%)
- **費城半導體指數**：12,626.22 (-9.43%)

### 🇹🇼 台股ADR
- **台積電ADR**：$434.16 (-0.19%)
- **聯電ADR**：$24.54 (-11.50%)
- **日月光ADR**：$41.87 (+0.05%)
- **中華電ADR**：$44.00 (-1.76%)

### 🔬 半導體/科技關鍵個股

**記憶體**：
- 🔴 Micron(MU): $975.56 (-19.61%)
- 🔴 Western Digital(WDC): $539.00 (-20.19%)

**AI/晶片**：
- 🔴 AMD(AMD): $517.82 (-2.77%)
- 🔴 Intel(INTC): $120.35 (-9.42%)

**設備**：
- 🔴 ASML(ASML): $1769.32 (-3.90%)
- 🔴 Applied Materials(AMAT): $603.04 (-9.72%)
- 🔴 Lam Research(LRCX): $351.41 (-12.55%)
- 🔴 KLA(KLAC): $235.55 (-8.98%)

**網通**：
- 🔴 Broadcom(AVGO): $360.45 (-4.87%)
- 🔴 Marvell(MRVL): $245.29 (-12.79%)
- 🔴 Cisco(CSCO): $112.69 (-5.28%)
- 🔴 Arista(ANET): $159.99 (-3.30%)

**消費電子**：
- 🔥 Apple(AAPL): $308.63 (+12.17%)
- 🔴 Qualcomm(QCOM): $176.25 (-13.98%)

**AI伺服器/雲端**：
- 🔴 Super Micro(SMCI): $27.22 (-14.08%)
- 🔴 Dell(DELL): $394.32 (-3.70%)
- 🔥 Amazon(AMZN): $242.67 (+6.90%)
- 🔥 Microsoft(MSFT): $390.49 (+10.67%)
- ⭐ Google(GOOGL): $359.91 (+4.71%)
- 🔥 Meta(META): $582.90 (+7.37%)

**電動車**：
- ⭐ Tesla(TSLA): $393.45 (+4.89%)

### 🌏 亞洲市場
- **日經225**：69,744.0 (-0.45%)
- **韓國KOSPI**：8,088.0 (-3.65%)
- **香港恆生**：23,350.0 (+1.18%)
- **上證指數**：4,044.0 (-0.74%)
- **新加坡STI**：5,244.0 (+1.01%)

### 📈 關鍵指標
- **VIX恐慌指數**：15.81 (-10.42%)
- **美元指數**：100.89 (-0.22%)
- **WTI原油**：68.24 (-3.55%)
- **黃金**：4194.70 (+4.29%)
- **輝達**：194.83 (-0.46%)
- **美元/台幣匯率**：31.930 (+0.060)
