
============================================================
📋 Markdown 格式（人類閱讀）：
============================================================
## 🌐 國際市場概況
**數據更新時間**：2026-07-01T08:01:50.335381

### 📊 美股表現

- **NASDAQ綜合指數**：26,213.72 (+2.45%)
- **S&P 500**：7,499.36 (+1.82%)
- **道瓊工業指數**：52,319.2 (+1.26%)
- **費城半導體指數**：14,246.96 (+5.67%)

### 🇹🇼 台股ADR
- **台積電ADR**：$477.57 (+9.44%)
- **聯電ADR**：$27.21 (+3.85%)
- **日月光ADR**：$45.12 (+13.45%)
- **中華電ADR**：$44.26 (-1.93%)

### 🔬 半導體/科技關鍵個股

**記憶體**：
- 🔥 Micron(MU): $1154.29 (+9.75%)
- 🔴 Western Digital(WDC): $638.72 (-4.78%)

**AI/晶片**：
- 🔥 AMD(AMD): $580.91 (+11.75%)
- 🔥 Intel(INTC): $139.63 (+5.56%)

**設備**：
- 🔥 ASML(ASML): $1989.44 (+11.86%)
- 🔥 Applied Materials(AMAT): $723.00 (+23.40%)
- 🔥 Lam Research(LRCX): $433.33 (+16.70%)
- 🔥 KLA(KLAC): $301.71 (+23.40%)

**網通**：
- ➖ Broadcom(AVGO): $377.75 (-0.63%)
- 🔥 Marvell(MRVL): $297.89 (+6.76%)
- 🔴 Cisco(CSCO): $117.46 (-3.05%)
- ⭐ Arista(ANET): $169.88 (+4.73%)

**消費電子**：
- ➖ Apple(AAPL): $289.36 (-1.68%)
- 🔴 Qualcomm(QCOM): $184.79 (-9.47%)

**AI伺服器/雲端**：
- 🔴 Super Micro(SMCI): $29.33 (-11.97%)
- ✅ Dell(DELL): $431.46 (+0.86%)
- ✅ Amazon(AMZN): $238.34 (+1.81%)
- ➖ Microsoft(MSFT): $373.02 (-0.25%)
- ⭐ Google(GOOGL): $357.37 (+3.25%)
- ✅ Meta(META): $563.29 (+0.19%)

**電動車**：
- 🔥 Tesla(TSLA): $420.60 (+10.22%)

### 🌏 亞洲市場
- **日經225**：70,062.0 (-3.18%)
- **韓國KOSPI**：8,476.0 (+0.06%)
- **香港恆生**：22,881.0 (-1.95%)
- **上證指數**：4,094.0 (-0.40%)
- **新加坡STI**：5,171.0 (-0.67%)

### 📈 關鍵指標
- **VIX恐慌指數**：16.45 (-11.70%)
- **美元指數**：101.23 (-0.19%)
- **WTI原油**：70.08 (-2.56%)
- **黃金**：4020.80 (-0.24%)
- **輝達**：200.09 (+0.02%)
- **美元/台幣匯率**：31.830 (+0.020)
